This is e-pTeX, Version 3.141592653-p4.0.0-220214-2.6 (utf8.euc) (TeX Live 2022/Debian) (preloaded format=platex 2024.4.5)  12 APR 2024 19:19
entering extended mode
 restricted \write18 enabled.
 file:line:error style messages enabled.
 %&-line parsing enabled.
**/home/skato/work/2024/gakusin/dc.tex
(/home/skato/work/2024/gakusin/dc.tex
pLaTeX2e <2021-11-15>+1 (based on LaTeX2e <2022-11-01> patch level 1)
L3 programming layer <2023-01-16> (/usr/share/texlive/texmf-dist/tex/platex/base/jarticle.cls
Document Class: jarticle 2020/09/30 v1.8f Standard pLaTeX class
\c@@paper=\count184
(/usr/share/texlive/texmf-dist/tex/platex/base/jsize11.clo
File: jsize11.clo 2020/09/30 v1.8f Standard pLaTeX file (size option)
)
\c@part=\count185
\c@section=\count186
\c@subsection=\count187
\c@subsubsection=\count188
\c@paragraph=\count189
\c@subparagraph=\count190
\c@figure=\count191
\c@table=\count192
\abovecaptionskip=\skip48
\belowcaptionskip=\skip49
\symmincho=\mathgroup4
LaTeX Font Info:    Overwriting symbol font `mincho' in version `bold'
(Font)                  JY1/mc/m/n --> JY1/gt/m/n on input line 615.
\toclineskip=\dimen156
\@lnumwidth=\dimen157
\bibindent=\dimen158
\heisei=\count193
)

! LaTeX Error: File `pieces/form00_header.tex' not found.

Type X to quit or <RETURN> to proceed,
or enter new name. (Default extension: tex)

Enter file name: 
/home/skato/work/2024/gakusin/dc.tex:3: Emergency stop.
<read *> 
         
l.3 \input{pieces/form00_header}
                                 % pieces^^M 
Here is how much of TeX's memory you used:
 294 strings out of 476550
 3598 string characters out of 5805610
 1849340 words of memory out of 5000000
 20990 multiletter control sequences out of 15000+600000
 516921 words of font info for 52 fonts, out of 8000000 for 9000
 929 hyphenation exceptions out of 8191
 33i,0n,38p,189b,36s stack positions out of 10000i,1000n,20000p,200000b,200000s

No pages of output.
